<?xml version="1.0" encoding="UTF-8"?>
<testng-results skipped="0" failed="0" total="0" passed="0">
  <reporter-output>
  </reporter-output>
  <suite name="Default suite" duration-ms="493" started-at="2015-05-10T16:50:02Z" finished-at="2015-05-10T16:50:03Z">
    <groups>
    </groups>
    <test name="Default test" duration-ms="493" started-at="2015-05-10T16:50:02Z" finished-at="2015-05-10T16:50:03Z">
      <class name="com.TestBeginner">
        <test-method status="PASS" signature="testBeginner()[pri:0, instance:com.TestBeginner@449a4f23]" name="testBeginner" is-config="true" duration-ms="14" started-at="2015-05-10T22:20:02Z" finished-at="2015-05-10T22:20:02Z">
          <reporter-output>
          </reporter-output>
        </test-method> <!-- testBeginner -->
        <test-method status="PASS" signature="afterTest()[pri:0, instance:com.TestBeginner@449a4f23]" name="afterTest" is-config="true" duration-ms="470" started-at="2015-05-10T22:20:02Z" finished-at="2015-05-10T22:20:03Z">
          <reporter-output>
          </reporter-output>
        </test-method> <!-- afterTest -->
      </class> <!-- com.TestBeginner -->
    </test> <!-- Default test -->
  </suite> <!-- Default suite -->
</testng-results>
