<?xml version="1.0" encoding="UTF-8"?>
<testng-results skipped="0" failed="0" total="1" passed="1">
  <reporter-output>
  </reporter-output>
  <suite name="Default suite" duration-ms="34" started-at="2015-05-10T16:39:59Z" finished-at="2015-05-10T16:39:59Z">
    <groups>
    </groups>
    <test name="Default test" duration-ms="34" started-at="2015-05-10T16:39:59Z" finished-at="2015-05-10T16:39:59Z">
      <class name="com.pega.com.pega1.myMavenSelenium1">
        <test-method status="PASS" signature="startTest()[pri:0, instance:com.pega.com.pega1.myMavenSelenium1@6b2fad11]" name="startTest" duration-ms="17" started-at="2015-05-10T22:09:59Z" finished-at="2015-05-10T22:09:59Z">
          <reporter-output>
          </reporter-output>
        </test-method> <!-- startTest -->
      </class> <!-- com.pega.com.pega1.myMavenSelenium1 -->
    </test> <!-- Default test -->
  </suite> <!-- Default suite -->
</testng-results>
